\BOOKMARK [0][-]{Doc-Start}{Table of Rules}{}% 1
\BOOKMARK [-1][-]{part*.1}{Introduction}{}% 2
\BOOKMARK [0][-]{chapter*.2}{General Introduction}{part*.1}% 3
\BOOKMARK [0][-]{chapter*.3}{A History of the English Language and Its Poetry}{part*.1}% 4
\BOOKMARK [0][-]{chapter*.10}{Principles of the Almanack}{part*.1}% 5
\BOOKMARK [0][-]{chapter*.18}{Future Drafts of the Almanack}{part*.1}% 6
\BOOKMARK [-1][-]{part.1}{Part 1. \040The Almanack}{}% 7
\BOOKMARK [0][-]{chapter.1}{Chapter 1. Primilis}{part.1}% 8
\BOOKMARK [0][-]{chapter.2}{Chapter 2. Sectilis}{part.1}% 9
\BOOKMARK [0][-]{chapter.3}{Chapter 3. Tertilis}{part.1}% 10
\BOOKMARK [0][-]{chapter.4}{Chapter 4. Quartilis}{part.1}% 11
\BOOKMARK [0][-]{chapter.5}{Chapter 5. Quintilis}{part.1}% 12
\BOOKMARK [0][-]{chapter.6}{Chapter 6. Sextilis}{part.1}% 13
\BOOKMARK [0][-]{chapter.7}{Chapter 7. September}{part.1}% 14
\BOOKMARK [0][-]{chapter.8}{Chapter 8. October}{part.1}% 15
\BOOKMARK [0][-]{chapter.9}{Chapter 9. November}{part.1}% 16
\BOOKMARK [0][-]{chapter.10}{Chapter 10. December}{part.1}% 17
\BOOKMARK [0][-]{chapter.11}{Chapter 11. Unodecember}{part.1}% 18
\BOOKMARK [0][-]{chapter.12}{Chapter 12. Duodecember}{part.1}% 19
\BOOKMARK [0][-]{chapter.13}{Chapter 13. Intercalaris}{part.1}% 20
\BOOKMARK [-1][-]{part.2}{Part 2. \040Additional Material}{}% 21
\BOOKMARK [0][-]{chapter.14}{Chapter 14. Ecclesiastes}{part.2}% 22
\BOOKMARK [0][-]{chapter.15}{Chapter 15. The Song of Solomon}{part.2}% 23
\BOOKMARK [0][-]{chapter.16}{Chapter 16. A Supplement to Johnson's Dictionary}{part.2}% 24
\BOOKMARK [0][-]{chapter*.21}{Sources}{part.2}% 25
