\BOOKMARK [0][-]{Doc-Start}{Table\040of\040Rules}{}% 1
\BOOKMARK [-1][-]{part.1}{Part\0401.\040\040Introductory\040Material}{}% 2
\BOOKMARK [0][-]{chapter.1}{General\040Introduction}{part.1}% 3
\BOOKMARK [0][-]{chapter.2}{A\040History\040of\040the\040English\040Language\040and\040Its\040Poetry}{part.1}% 4
\BOOKMARK [0][-]{chapter.3}{Principles\040of\040the\040Almanack}{part.1}% 5
\BOOKMARK [0][-]{chapter.4}{Future\040Drafts\040of\040the\040Almanack}{part.1}% 6
\BOOKMARK [-1][-]{part.2}{Part\0402.\040\040The\040Almanack\040Proper}{}% 7
\BOOKMARK [0][-]{chapter.5}{Primilis}{part.2}% 8
\BOOKMARK [0][-]{chapter.6}{Sectilis}{part.2}% 9
\BOOKMARK [0][-]{chapter.7}{Tertilis}{part.2}% 10
\BOOKMARK [0][-]{chapter.8}{Quartilis}{part.2}% 11
\BOOKMARK [0][-]{chapter.9}{Quintilis}{part.2}% 12
\BOOKMARK [0][-]{chapter.10}{Sextilis}{part.2}% 13
\BOOKMARK [0][-]{chapter.11}{September}{part.2}% 14
\BOOKMARK [0][-]{chapter.12}{October}{part.2}% 15
\BOOKMARK [0][-]{chapter.13}{November}{part.2}% 16
\BOOKMARK [0][-]{chapter.14}{December}{part.2}% 17
\BOOKMARK [0][-]{chapter.15}{Unodecember}{part.2}% 18
\BOOKMARK [0][-]{chapter.16}{Duodecember}{part.2}% 19
\BOOKMARK [0][-]{chapter.17}{Intercalaris}{part.2}% 20
\BOOKMARK [0][-]{chapter.18}{Ecclesiastes}{part.2}% 21
\BOOKMARK [0][-]{chapter.19}{The\040Song\040of\040Solomon}{part.2}% 22
\BOOKMARK [0][-]{chapter*.52}{Sources}{part.2}% 23
